# JRE version: OpenJDK Runtime Environment Temurin-21.0.10+7 (21.0.10+7) (build 21.0.10+7-LTS)
# Java VM: OpenJDK 64-Bit Server VM Temurin-21.0.10+7 (21.0.10+7-LTS, mixed mode, sharing, tiered, compressed oops, compressed class ptrs, parallel gc, windows-amd64)
GC Precious Log:
 CardTable entry size: 512
 CPUs: 12 total, 12 available
 Memory: 7876M
 Large Page Support: Disabled
 NUMA Support: Disabled
 Compressed Oops: Enabled (32-bit)
 Alignments: Space 512K, Generation 512K, Heap 2M
 Heap Min Capacity: 100M
 Heap Initial Capacity: 100M
 Heap Max Capacity: 2G
 Pre-touch: Disabled
 Parallel Workers: 10
Heap:
 PSYoungGen      total 19968K, used 16583K [0x00000000d5580000, 0x00000000d6d00000, 0x0000000100000000)
  eden space 18432K, 81% used [0x00000000d5580000,0x00000000d6438158,0x00000000d6780000)
  from space 1536K, 98% used [0x00000000d6980000,0x00000000d6af9c98,0x00000000d6b00000)
  to   space 2048K, 0% used [0x00000000d6b00000,0x00000000d6b00000,0x00000000d6d00000)
 ParOldGen       total 68608K, used 52879K [0x0000000080000000, 0x0000000084300000, 0x00000000d5580000)
  object space 68608K, 77% used [0x0000000080000000,0x00000000833a3d98,0x0000000084300000)
 Metaspace       used 62487K, committed 63872K, reserved 1114112K
  class space    used 6851K, committed 7488K, reserved 1048576K
GC Heap History (20 events):
Event: 13.800 GC heap before
{Heap before GC invocations=33 (full 2):
 PSYoungGen      total 20992K, used 20832K [0x00000000d5580000, 0x00000000d6c00000, 0x0000000100000000)
  eden space 18944K, 100% used [0x00000000d5580000,0x00000000d6800000,0x00000000d6800000)
  from space 2048K, 92% used [0x00000000d6a00000,0x00000000d6bd8010,0x00000000d6c00000)
  to   space 2048K, 0% used [0x00000000d6800000,0x00000000d6800000,0x00000000d6a00000)
 ParOldGen       total 68608K, used 49135K [0x0000000080000000, 0x0000000084300000, 0x00000000d5580000)
  object space 68608K, 71% used [0x0000000080000000,0x0000000082ffbd28,0x0000000084300000)
 Metaspace       used 53449K, committed 54784K, reserved 1114112K
  class space    used 5909K, committed 6528K, reserved 1048576K
}
Event: 13.806 GC heap after
{Heap after GC invocations=33 (full 2):
 PSYoungGen      total 20992K, used 1688K [0x00000000d5580000, 0x00000000d6c00000, 0x0000000100000000)
  eden space 18944K, 0% used [0x00000000d5580000,0x00000000d5580000,0x00000000d6800000)
  from space 2048K, 82% used [0x00000000d6800000,0x00000000d69a6200,0x00000000d6a00000)
  to   space 2048K, 0% used [0x00000000d6a00000,0x00000000d6a00000,0x00000000d6c00000)
 ParOldGen       total 68608K, used 50911K [0x0000000080000000, 0x0000000084300000, 0x00000000d5580000)
  object space 68608K, 74% used [0x0000000080000000,0x00000000831b7d38,0x0000000084300000)
 Metaspace       used 53449K, committed 54784K, reserved 1114112K
  class space    used 5909K, committed 6528K, reserved 1048576K
}
Event: 14.424 GC heap before
{Heap before GC invocations=34 (full 2):
 PSYoungGen      total 20992K, used 20572K [0x00000000d5580000, 0x00000000d6c00000, 0x0000000100000000)
  eden space 18944K, 99% used [0x00000000d5580000,0x00000000d67f0f58,0x00000000d6800000)
  from space 2048K, 82% used [0x00000000d6800000,0x00000000d69a6200,0x00000000d6a00000)
  to   space 2048K, 0% used [0x00000000d6a00000,0x00000000d6a00000,0x00000000d6c00000)
 ParOldGen       total 68608K, used 50911K [0x0000000080000000, 0x0000000084300000, 0x00000000d5580000)
  object space 68608K, 74% used [0x0000000080000000,0x00000000831b7d38,0x0000000084300000)
 Metaspace       used 55319K, committed 56704K, reserved 1114112K
  class space    used 6158K, committed 6784K, reserved 1048576K
}
Event: 14.429 GC heap after
{Heap after GC invocations=34 (full 2):
 PSYoungGen      total 19968K, used 888K [0x00000000d5580000, 0x00000000d6b00000, 0x0000000100000000)
  eden space 18944K, 0% used [0x00000000d5580000,0x00000000d5580000,0x00000000d6800000)
  from space 1024K, 86% used [0x00000000d6a00000,0x00000000d6ade2e8,0x00000000d6b00000)
  to   space 1536K, 0% used [0x00000000d6800000,0x00000000d6800000,0x00000000d6980000)
 ParOldGen       total 68608K, used 52492K [0x0000000080000000, 0x0000000084300000, 0x00000000d5580000)
  object space 68608K, 76% used [0x0000000080000000,0x0000000083343290,0x0000000084300000)
 Metaspace       used 55319K, committed 56704K, reserved 1114112K
  class space    used 6158K, committed 6784K, reserved 1048576K
}
Event: 15.573 GC heap before
{Heap before GC invocations=35 (full 2):
 PSYoungGen      total 19968K, used 19832K [0x00000000d5580000, 0x00000000d6b00000, 0x0000000100000000)
  eden space 18944K, 100% used [0x00000000d5580000,0x00000000d6800000,0x00000000d6800000)
  from space 1024K, 86% used [0x00000000d6a00000,0x00000000d6ade2e8,0x00000000d6b00000)
  to   space 1536K, 0% used [0x00000000d6800000,0x00000000d6800000,0x00000000d6980000)
 ParOldGen       total 68608K, used 52492K [0x0000000080000000, 0x0000000084300000, 0x00000000d5580000)
  object space 68608K, 76% used [0x0000000080000000,0x0000000083343290,0x0000000084300000)
 Metaspace       used 56102K, committed 57472K, reserved 1114112K
  class space    used 6258K, committed 6848K, reserved 1048576K
}
Event: 15.577 GC heap after
{Heap after GC invocations=35 (full 2):
 PSYoungGen      total 20480K, used 384K [0x00000000d5580000, 0x00000000d6a80000, 0x0000000100000000)
  eden space 18944K, 0% used [0x00000000d5580000,0x00000000d5580000,0x00000000d6800000)
  from space 1536K, 25% used [0x00000000d6800000,0x00000000d6860000,0x00000000d6980000)
  to   space 1024K, 0% used [0x00000000d6980000,0x00000000d6980000,0x00000000d6a80000)
 ParOldGen       total 68608K, used 53183K [0x0000000080000000, 0x0000000084300000, 0x00000000d5580000)
  object space 68608K, 77% used [0x0000000080000000,0x00000000833efd00,0x0000000084300000)
 Metaspace       used 56102K, committed 57472K, reserved 1114112K
  class space    used 6258K, committed 6848K, reserved 1048576K
}
Event: 15.926 GC heap before
{Heap before GC invocations=36 (full 2):
 PSYoungGen      total 20480K, used 19328K [0x00000000d5580000, 0x00000000d6a80000, 0x0000000100000000)
  eden space 18944K, 100% used [0x00000000d5580000,0x00000000d6800000,0x00000000d6800000)
  from space 1536K, 25% used [0x00000000d6800000,0x00000000d6860000,0x00000000d6980000)
  to   space 1024K, 0% used [0x00000000d6980000,0x00000000d6980000,0x00000000d6a80000)
 ParOldGen       total 68608K, used 53183K [0x0000000080000000, 0x0000000084300000, 0x00000000d5580000)
  object space 68608K, 77% used [0x0000000080000000,0x00000000833efd00,0x0000000084300000)
 Metaspace       used 57100K, committed 58496K, reserved 1114112K
  class space    used 6335K, committed 6912K, reserved 1048576K
}
Event: 15.929 GC heap after
{Heap after GC invocations=36 (full 2):
 PSYoungGen      total 19456K, used 1011K [0x00000000d5580000, 0x00000000d6c00000, 0x0000000100000000)
  eden space 18432K, 0% used [0x00000000d5580000,0x00000000d5580000,0x00000000d6780000)
  from space 1024K, 98% used [0x00000000d6980000,0x00000000d6a7ce68,0x00000000d6a80000)
  to   space 2048K, 0% used [0x00000000d6780000,0x00000000d6780000,0x00000000d6980000)
 ParOldGen       total 68608K, used 53710K [0x0000000080000000, 0x0000000084300000, 0x00000000d5580000)
  object space 68608K, 78% used [0x0000000080000000,0x0000000083473828,0x0000000084300000)
 Metaspace       used 57100K, committed 58496K, reserved 1114112K
  class space    used 6335K, committed 6912K, reserved 1048576K
}
Event: 16.042 GC heap before
{Heap before GC invocations=37 (full 2):
 PSYoungGen      total 19456K, used 19443K [0x00000000d5580000, 0x00000000d6c00000, 0x0000000100000000)
  eden space 18432K, 100% used [0x00000000d5580000,0x00000000d6780000,0x00000000d6780000)
  from space 1024K, 98% used [0x00000000d6980000,0x00000000d6a7ce68,0x00000000d6a80000)
  to   space 2048K, 0% used [0x00000000d6780000,0x00000000d6780000,0x00000000d6980000)
 ParOldGen       total 68608K, used 53710K [0x0000000080000000, 0x0000000084300000, 0x00000000d5580000)
  object space 68608K, 78% used [0x0000000080000000,0x0000000083473828,0x0000000084300000)
 Metaspace       used 57119K, committed 58496K, reserved 1114112K
  class space    used 6335K, committed 6912K, reserved 1048576K
}
Event: 16.044 GC heap after
{Heap after GC invocations=37 (full 2):
 PSYoungGen      total 19456K, used 694K [0x00000000d5580000, 0x00000000d6a00000, 0x0000000100000000)
  eden space 18432K, 0% used [0x00000000d5580000,0x00000000d5580000,0x00000000d6780000)
  from space 1024K, 67% used [0x00000000d6780000,0x00000000d682d9f8,0x00000000d6880000)
  to   space 1024K, 0% used [0x00000000d6900000,0x00000000d6900000,0x00000000d6a00000)
 ParOldGen       total 68608K, used 54323K [0x0000000080000000, 0x0000000084300000, 0x00000000d5580000)
  object space 68608K, 79% used [0x0000000080000000,0x000000008350ce78,0x0000000084300000)
 Metaspace       used 57119K, committed 58496K, reserved 1114112K
  class space    used 6335K, committed 6912K, reserved 1048576K
}
Event: 16.320 GC heap before
{Heap before GC invocations=38 (full 2):
 PSYoungGen      total 19456K, used 17039K [0x00000000d5580000, 0x00000000d6a00000, 0x0000000100000000)
  eden space 18432K, 88% used [0x00000000d5580000,0x00000000d65765e0,0x00000000d6780000)
  from space 1024K, 67% used [0x00000000d6780000,0x00000000d682d9f8,0x00000000d6880000)
  to   space 1024K, 0% used [0x00000000d6900000,0x00000000d6900000,0x00000000d6a00000)
 ParOldGen       total 68608K, used 54323K [0x0000000080000000, 0x0000000084300000, 0x00000000d5580000)
  object space 68608K, 79% used [0x0000000080000000,0x000000008350ce78,0x0000000084300000)
 Metaspace       used 58436K, committed 59776K, reserved 1114112K
  class space    used 6476K, committed 7040K, reserved 1048576K
}
Event: 16.322 GC heap after
{Heap after GC invocations=38 (full 2):
 PSYoungGen      total 19456K, used 672K [0x00000000d5580000, 0x00000000d6a00000, 0x0000000100000000)
  eden space 18432K, 0% used [0x00000000d5580000,0x00000000d5580000,0x00000000d6780000)
  from space 1024K, 65% used [0x00000000d6900000,0x00000000d69a8170,0x00000000d6a00000)
  to   space 1024K, 0% used [0x00000000d6780000,0x00000000d6780000,0x00000000d6880000)
 ParOldGen       total 68608K, used 54347K [0x0000000080000000, 0x0000000084300000, 0x00000000d5580000)
  object space 68608K, 79% used [0x0000000080000000,0x0000000083512e78,0x0000000084300000)
 Metaspace       used 58436K, committed 59776K, reserved 1114112K
  class space    used 6476K, committed 7040K, reserved 1048576K
}
Event: 16.322 GC heap before
{Heap before GC invocations=39 (full 3):
 PSYoungGen      total 19456K, used 672K [0x00000000d5580000, 0x00000000d6a00000, 0x0000000100000000)
  eden space 18432K, 0% used [0x00000000d5580000,0x00000000d5580000,0x00000000d6780000)
  from space 1024K, 65% used [0x00000000d6900000,0x00000000d69a8170,0x00000000d6a00000)
  to   space 1024K, 0% used [0x00000000d6780000,0x00000000d6780000,0x00000000d6880000)
 ParOldGen       total 68608K, used 54347K [0x0000000080000000, 0x0000000084300000, 0x00000000d5580000)
  object space 68608K, 79% used [0x0000000080000000,0x0000000083512e78,0x0000000084300000)
 Metaspace       used 58436K, committed 59776K, reserved 1114112K
  class space    used 6476K, committed 7040K, reserved 1048576K
}
Event: 16.551 GC heap after
{Heap after GC invocations=39 (full 3):
 PSYoungGen      total 19456K, used 0K [0x00000000d5580000, 0x00000000d6a00000, 0x0000000100000000)
  eden space 18432K, 0% used [0x00000000d5580000,0x00000000d5580000,0x00000000d6780000)
  from space 1024K, 0% used [0x00000000d6900000,0x00000000d6900000,0x00000000d6a00000)
  to   space 1024K, 0% used [0x00000000d6780000,0x00000000d6780000,0x00000000d6880000)
 ParOldGen       total 68608K, used 47861K [0x0000000080000000, 0x0000000084300000, 0x00000000d5580000)
  object space 68608K, 69% used [0x0000000080000000,0x0000000082ebd7c0,0x0000000084300000)
 Metaspace       used 58436K, committed 59776K, reserved 1114112K
  class space    used 6476K, committed 7040K, reserved 1048576K
}
Event: 17.537 GC heap before
{Heap before GC invocations=40 (full 3):
 PSYoungGen      total 19456K, used 18432K [0x00000000d5580000, 0x00000000d6a00000, 0x0000000100000000)
  eden space 18432K, 100% used [0x00000000d5580000,0x00000000d6780000,0x00000000d6780000)
  from space 1024K, 0% used [0x00000000d6900000,0x00000000d6900000,0x00000000d6a00000)
  to   space 1024K, 0% used [0x00000000d6780000,0x00000000d6780000,0x00000000d6880000)
 ParOldGen       total 68608K, used 47861K [0x0000000080000000, 0x0000000084300000, 0x00000000d5580000)
  object space 68608K, 69% used [0x0000000080000000,0x0000000082ebd7c0,0x0000000084300000)
 Metaspace       used 60319K, committed 61760K, reserved 1114112K
  class space    used 6665K, committed 7296K, reserved 1048576K
}
Event: 17.544 GC heap after
{Heap after GC invocations=40 (full 3):
 PSYoungGen      total 19456K, used 999K [0x00000000d5580000, 0x00000000d7180000, 0x0000000100000000)
  eden space 18432K, 0% used [0x00000000d5580000,0x00000000d5580000,0x00000000d6780000)
  from space 1024K, 97% used [0x00000000d6780000,0x00000000d6879e80,0x00000000d6880000)
  to   space 5120K, 0% used [0x00000000d6c80000,0x00000000d6c80000,0x00000000d7180000)
 ParOldGen       total 68608K, used 51061K [0x0000000080000000, 0x0000000084300000, 0x00000000d5580000)
  object space 68608K, 74% used [0x0000000080000000,0x00000000831dd640,0x0000000084300000)
 Metaspace       used 60319K, committed 61760K, reserved 1114112K
  class space    used 6665K, committed 7296K, reserved 1048576K
}
Event: 20.715 GC heap before
{Heap before GC invocations=41 (full 3):
 PSYoungGen      total 19456K, used 19431K [0x00000000d5580000, 0x00000000d7180000, 0x0000000100000000)
  eden space 18432K, 99% used [0x00000000d5580000,0x00000000d677fff0,0x00000000d6780000)
  from space 1024K, 97% used [0x00000000d6780000,0x00000000d6879e80,0x00000000d6880000)
  to   space 5120K, 0% used [0x00000000d6c80000,0x00000000d6c80000,0x00000000d7180000)
 ParOldGen       total 68608K, used 51061K [0x0000000080000000, 0x0000000084300000, 0x00000000d5580000)
  object space 68608K, 74% used [0x0000000080000000,0x00000000831dd640,0x0000000084300000)
 Metaspace       used 61932K, committed 63360K, reserved 1114112K
  class space    used 6801K, committed 7424K, reserved 1048576K
}
Event: 20.718 GC heap after
{Heap after GC invocations=41 (full 3):
 PSYoungGen      total 20480K, used 1555K [0x00000000d5580000, 0x00000000d6e80000, 0x0000000100000000)
  eden space 18432K, 0% used [0x00000000d5580000,0x00000000d5580000,0x00000000d6780000)
  from space 2048K, 75% used [0x00000000d6c80000,0x00000000d6e04d10,0x00000000d6e80000)
  to   space 2560K, 0% used [0x00000000d6980000,0x00000000d6980000,0x00000000d6c00000)
 ParOldGen       total 68608K, used 51540K [0x0000000080000000, 0x0000000084300000, 0x00000000d5580000)
  object space 68608K, 75% used [0x0000000080000000,0x0000000083255150,0x0000000084300000)
 Metaspace       used 61932K, committed 63360K, reserved 1114112K
  class space    used 6801K, committed 7424K, reserved 1048576K
}
Event: 22.989 GC heap before
{Heap before GC invocations=42 (full 3):
 PSYoungGen      total 20480K, used 19987K [0x00000000d5580000, 0x00000000d6e80000, 0x0000000100000000)
  eden space 18432K, 100% used [0x00000000d5580000,0x00000000d6780000,0x00000000d6780000)
  from space 2048K, 75% used [0x00000000d6c80000,0x00000000d6e04d10,0x00000000d6e80000)
  to   space 2560K, 0% used [0x00000000d6980000,0x00000000d6980000,0x00000000d6c00000)
 ParOldGen       total 68608K, used 51540K [0x0000000080000000, 0x0000000084300000, 0x00000000d5580000)
  object space 68608K, 75% used [0x0000000080000000,0x0000000083255150,0x0000000084300000)
 Metaspace       used 62404K, committed 63808K, reserved 1114112K
  class space    used 6850K, committed 7488K, reserved 1048576K
}
Event: 22.993 GC heap after
{Heap after GC invocations=42 (full 3):
 PSYoungGen      total 19968K, used 1511K [0x00000000d5580000, 0x00000000d6d00000, 0x0000000100000000)
  eden space 18432K, 0% used [0x00000000d5580000,0x00000000d5580000,0x00000000d6780000)
  from space 1536K, 98% used [0x00000000d6980000,0x00000000d6af9c98,0x00000000d6b00000)
  to   space 2048K, 0% used [0x00000000d6b00000,0x00000000d6b00000,0x00000000d6d00000)
 ParOldGen       total 68608K, used 52879K [0x0000000080000000, 0x0000000084300000, 0x00000000d5580000)
  object space 68608K, 77% used [0x0000000080000000,0x00000000833a3d98,0x0000000084300000)
 Metaspace       used 62404K, committed 63808K, reserved 1114112K
  class space    used 6850K, committed 7488K, reserved 1048576K
}

