# JRE version: OpenJDK Runtime Environment Temurin-21.0.10+7 (21.0.10+7) (build 21.0.10+7-LTS)
# Java VM: OpenJDK 64-Bit Server VM Temurin-21.0.10+7 (21.0.10+7-LTS, mixed mode, sharing, tiered, compressed oops, compressed class ptrs, parallel gc, windows-amd64)
GC Precious Log:
 CardTable entry size: 512
 CPUs: 12 total, 12 available
 Memory: 7876M
 Large Page Support: Disabled
 NUMA Support: Disabled
 Compressed Oops: Enabled (32-bit)
 Alignments: Space 512K, Generation 512K, Heap 2M
 Heap Min Capacity: 100M
 Heap Initial Capacity: 100M
 Heap Max Capacity: 2G
 Pre-touch: Disabled
 Parallel Workers: 10
Heap:
 PSYoungGen      total 25600K, used 4297K [0x00000000d5580000, 0x00000000d7800000, 0x0000000100000000)
  eden space 23040K, 12% used [0x00000000d5580000,0x00000000d585ad88,0x00000000d6c00000)
  from space 2560K, 53% used [0x00000000d6c00000,0x00000000d6d57a30,0x00000000d6e80000)
  to   space 2048K, 0% used [0x00000000d7600000,0x00000000d7600000,0x00000000d7800000)
 ParOldGen       total 68608K, used 22176K [0x0000000080000000, 0x0000000084300000, 0x00000000d5580000)
  object space 68608K, 32% used [0x0000000080000000,0x00000000815a81c8,0x0000000084300000)
 Metaspace       used 42468K, committed 43712K, reserved 1114112K
  class space    used 4555K, committed 5120K, reserved 1048576K
GC Heap History (20 events):
Event: 107.525 GC heap after
{Heap after GC invocations=9 (full 1):
 PSYoungGen      total 27648K, used 3196K [0x00000000d5580000, 0x00000000d7680000, 0x0000000100000000)
  eden space 24064K, 0% used [0x00000000d5580000,0x00000000d5580000,0x00000000d6d00000)
  from space 3584K, 89% used [0x00000000d7300000,0x00000000d761f190,0x00000000d7680000)
  to   space 4096K, 0% used [0x00000000d6e80000,0x00000000d6e80000,0x00000000d7280000)
 ParOldGen       total 68608K, used 13509K [0x0000000080000000, 0x0000000084300000, 0x00000000d5580000)
  object space 68608K, 19% used [0x0000000080000000,0x0000000080d314f8,0x0000000084300000)
 Metaspace       used 22686K, committed 23680K, reserved 1114112K
  class space    used 2375K, committed 2752K, reserved 1048576K
}
Event: 107.726 GC heap before
{Heap before GC invocations=10 (full 1):
 PSYoungGen      total 27648K, used 27260K [0x00000000d5580000, 0x00000000d7680000, 0x0000000100000000)
  eden space 24064K, 100% used [0x00000000d5580000,0x00000000d6d00000,0x00000000d6d00000)
  from space 3584K, 89% used [0x00000000d7300000,0x00000000d761f190,0x00000000d7680000)
  to   space 4096K, 0% used [0x00000000d6e80000,0x00000000d6e80000,0x00000000d7280000)
 ParOldGen       total 68608K, used 13509K [0x0000000080000000, 0x0000000084300000, 0x00000000d5580000)
  object space 68608K, 19% used [0x0000000080000000,0x0000000080d314f8,0x0000000084300000)
 Metaspace       used 26082K, committed 27136K, reserved 1114112K
  class space    used 2626K, committed 3072K, reserved 1048576K
}
Event: 107.728 GC heap after
{Heap after GC invocations=10 (full 1):
 PSYoungGen      total 27136K, used 3344K [0x00000000d5580000, 0x00000000d7380000, 0x0000000100000000)
  eden space 23552K, 0% used [0x00000000d5580000,0x00000000d5580000,0x00000000d6c80000)
  from space 3584K, 93% used [0x00000000d6e80000,0x00000000d71c43e8,0x00000000d7200000)
  to   space 1536K, 0% used [0x00000000d7200000,0x00000000d7200000,0x00000000d7380000)
 ParOldGen       total 68608K, used 13517K [0x0000000080000000, 0x0000000084300000, 0x00000000d5580000)
  object space 68608K, 19% used [0x0000000080000000,0x0000000080d334f8,0x0000000084300000)
 Metaspace       used 26082K, committed 27136K, reserved 1114112K
  class space    used 2626K, committed 3072K, reserved 1048576K
}
Event: 107.960 GC heap before
{Heap before GC invocations=11 (full 1):
 PSYoungGen      total 27136K, used 26896K [0x00000000d5580000, 0x00000000d7380000, 0x0000000100000000)
  eden space 23552K, 100% used [0x00000000d5580000,0x00000000d6c80000,0x00000000d6c80000)
  from space 3584K, 93% used [0x00000000d6e80000,0x00000000d71c43e8,0x00000000d7200000)
  to   space 1536K, 0% used [0x00000000d7200000,0x00000000d7200000,0x00000000d7380000)
 ParOldGen       total 68608K, used 13517K [0x0000000080000000, 0x0000000084300000, 0x00000000d5580000)
  object space 68608K, 19% used [0x0000000080000000,0x0000000080d334f8,0x0000000084300000)
 Metaspace       used 27774K, committed 28864K, reserved 1114112K
  class space    used 2735K, committed 3200K, reserved 1048576K
}
Event: 107.963 GC heap after
{Heap after GC invocations=11 (full 1):
 PSYoungGen      total 24576K, used 1124K [0x00000000d5580000, 0x00000000d7380000, 0x0000000100000000)
  eden space 23040K, 0% used [0x00000000d5580000,0x00000000d5580000,0x00000000d6c00000)
  from space 1536K, 73% used [0x00000000d7200000,0x00000000d73191e8,0x00000000d7380000)
  to   space 2048K, 0% used [0x00000000d6f80000,0x00000000d6f80000,0x00000000d7180000)
 ParOldGen       total 68608K, used 16244K [0x0000000080000000, 0x0000000084300000, 0x00000000d5580000)
  object space 68608K, 23% used [0x0000000080000000,0x0000000080fdd020,0x0000000084300000)
 Metaspace       used 27774K, committed 28864K, reserved 1114112K
  class space    used 2735K, committed 3200K, reserved 1048576K
}
Event: 108.407 GC heap before
{Heap before GC invocations=12 (full 1):
 PSYoungGen      total 24576K, used 24159K [0x00000000d5580000, 0x00000000d7380000, 0x0000000100000000)
  eden space 23040K, 99% used [0x00000000d5580000,0x00000000d6bfeac0,0x00000000d6c00000)
  from space 1536K, 73% used [0x00000000d7200000,0x00000000d73191e8,0x00000000d7380000)
  to   space 2048K, 0% used [0x00000000d6f80000,0x00000000d6f80000,0x00000000d7180000)
 ParOldGen       total 68608K, used 16244K [0x0000000080000000, 0x0000000084300000, 0x00000000d5580000)
  object space 68608K, 23% used [0x0000000080000000,0x0000000080fdd020,0x0000000084300000)
 Metaspace       used 31245K, committed 32448K, reserved 1114112K
  class space    used 3119K, committed 3648K, reserved 1048576K
}
Event: 108.410 GC heap after
{Heap after GC invocations=12 (full 1):
 PSYoungGen      total 24576K, used 2037K [0x00000000d5580000, 0x00000000d7280000, 0x0000000100000000)
  eden space 22528K, 0% used [0x00000000d5580000,0x00000000d5580000,0x00000000d6b80000)
  from space 2048K, 99% used [0x00000000d6f80000,0x00000000d717d648,0x00000000d7180000)
  to   space 1024K, 0% used [0x00000000d7180000,0x00000000d7180000,0x00000000d7280000)
 ParOldGen       total 68608K, used 17196K [0x0000000080000000, 0x0000000084300000, 0x00000000d5580000)
  object space 68608K, 25% used [0x0000000080000000,0x00000000810cb1a8,0x0000000084300000)
 Metaspace       used 31245K, committed 32448K, reserved 1114112K
  class space    used 3119K, committed 3648K, reserved 1048576K
}
Event: 108.598 GC heap before
{Heap before GC invocations=13 (full 1):
 PSYoungGen      total 24576K, used 24564K [0x00000000d5580000, 0x00000000d7280000, 0x0000000100000000)
  eden space 22528K, 99% used [0x00000000d5580000,0x00000000d6b7f9e0,0x00000000d6b80000)
  from space 2048K, 99% used [0x00000000d6f80000,0x00000000d717d648,0x00000000d7180000)
  to   space 1024K, 0% used [0x00000000d7180000,0x00000000d7180000,0x00000000d7280000)
 ParOldGen       total 68608K, used 17196K [0x0000000080000000, 0x0000000084300000, 0x00000000d5580000)
  object space 68608K, 25% used [0x0000000080000000,0x00000000810cb1a8,0x0000000084300000)
 Metaspace       used 34176K, committed 35392K, reserved 1114112K
  class space    used 3480K, committed 4032K, reserved 1048576K
}
Event: 108.600 GC heap after
{Heap after GC invocations=13 (full 1):
 PSYoungGen      total 23040K, used 1024K [0x00000000d5580000, 0x00000000d7280000, 0x0000000100000000)
  eden space 22016K, 0% used [0x00000000d5580000,0x00000000d5580000,0x00000000d6b00000)
  from space 1024K, 100% used [0x00000000d7180000,0x00000000d7280000,0x00000000d7280000)
  to   space 3584K, 0% used [0x00000000d6b80000,0x00000000d6b80000,0x00000000d6f00000)
 ParOldGen       total 68608K, used 19184K [0x0000000080000000, 0x0000000084300000, 0x00000000d5580000)
  object space 68608K, 27% used [0x0000000080000000,0x00000000812bc2d0,0x0000000084300000)
 Metaspace       used 34176K, committed 35392K, reserved 1114112K
  class space    used 3480K, committed 4032K, reserved 1048576K
}
Event: 108.628 GC heap before
{Heap before GC invocations=14 (full 1):
 PSYoungGen      total 23040K, used 4572K [0x00000000d5580000, 0x00000000d7280000, 0x0000000100000000)
  eden space 22016K, 16% used [0x00000000d5580000,0x00000000d58f73e0,0x00000000d6b00000)
  from space 1024K, 100% used [0x00000000d7180000,0x00000000d7280000,0x00000000d7280000)
  to   space 3584K, 0% used [0x00000000d6b80000,0x00000000d6b80000,0x00000000d6f00000)
 ParOldGen       total 68608K, used 19184K [0x0000000080000000, 0x0000000084300000, 0x00000000d5580000)
  object space 68608K, 27% used [0x0000000080000000,0x00000000812bc2d0,0x0000000084300000)
 Metaspace       used 34701K, committed 35904K, reserved 1114112K
  class space    used 3553K, committed 4096K, reserved 1048576K
}
Event: 108.630 GC heap after
{Heap after GC invocations=14 (full 1):
 PSYoungGen      total 25600K, used 352K [0x00000000d5580000, 0x00000000d7200000, 0x0000000100000000)
  eden space 22016K, 0% used [0x00000000d5580000,0x00000000d5580000,0x00000000d6b00000)
  from space 3584K, 9% used [0x00000000d6b80000,0x00000000d6bd8000,0x00000000d6f00000)
  to   space 1536K, 0% used [0x00000000d7080000,0x00000000d7080000,0x00000000d7200000)
 ParOldGen       total 68608K, used 20121K [0x0000000080000000, 0x0000000084300000, 0x00000000d5580000)
  object space 68608K, 29% used [0x0000000080000000,0x00000000813a65d0,0x0000000084300000)
 Metaspace       used 34701K, committed 35904K, reserved 1114112K
  class space    used 3553K, committed 4096K, reserved 1048576K
}
Event: 108.642 GC heap before
{Heap before GC invocations=15 (full 1):
 PSYoungGen      total 25600K, used 2482K [0x00000000d5580000, 0x00000000d7200000, 0x0000000100000000)
  eden space 22016K, 9% used [0x00000000d5580000,0x00000000d57948e0,0x00000000d6b00000)
  from space 3584K, 9% used [0x00000000d6b80000,0x00000000d6bd8000,0x00000000d6f00000)
  to   space 1536K, 0% used [0x00000000d7080000,0x00000000d7080000,0x00000000d7200000)
 ParOldGen       total 68608K, used 20121K [0x0000000080000000, 0x0000000084300000, 0x00000000d5580000)
  object space 68608K, 29% used [0x0000000080000000,0x00000000813a65d0,0x0000000084300000)
 Metaspace       used 35012K, committed 36160K, reserved 1114112K
  class space    used 3585K, committed 4096K, reserved 1048576K
}
Event: 108.643 GC heap after
{Heap after GC invocations=15 (full 1):
 PSYoungGen      total 22528K, used 416K [0x00000000d5580000, 0x00000000d7100000, 0x0000000100000000)
  eden space 22016K, 0% used [0x00000000d5580000,0x00000000d5580000,0x00000000d6b00000)
  from space 512K, 81% used [0x00000000d7080000,0x00000000d70e8000,0x00000000d7100000)
  to   space 1024K, 0% used [0x00000000d6f00000,0x00000000d6f00000,0x00000000d7000000)
 ParOldGen       total 68608K, used 20271K [0x0000000080000000, 0x0000000084300000, 0x00000000d5580000)
  object space 68608K, 29% used [0x0000000080000000,0x00000000813cbee0,0x0000000084300000)
 Metaspace       used 35012K, committed 36160K, reserved 1114112K
  class space    used 3585K, committed 4096K, reserved 1048576K
}
Event: 108.643 GC heap before
{Heap before GC invocations=16 (full 2):
 PSYoungGen      total 22528K, used 416K [0x00000000d5580000, 0x00000000d7100000, 0x0000000100000000)
  eden space 22016K, 0% used [0x00000000d5580000,0x00000000d5580000,0x00000000d6b00000)
  from space 512K, 81% used [0x00000000d7080000,0x00000000d70e8000,0x00000000d7100000)
  to   space 1024K, 0% used [0x00000000d6f00000,0x00000000d6f00000,0x00000000d7000000)
 ParOldGen       total 68608K, used 20271K [0x0000000080000000, 0x0000000084300000, 0x00000000d5580000)
  object space 68608K, 29% used [0x0000000080000000,0x00000000813cbee0,0x0000000084300000)
 Metaspace       used 35012K, committed 36160K, reserved 1114112K
  class space    used 3585K, committed 4096K, reserved 1048576K
}
Event: 108.669 GC heap after
{Heap after GC invocations=16 (full 2):
 PSYoungGen      total 22528K, used 0K [0x00000000d5580000, 0x00000000d7100000, 0x0000000100000000)
  eden space 22016K, 0% used [0x00000000d5580000,0x00000000d5580000,0x00000000d6b00000)
  from space 512K, 0% used [0x00000000d7080000,0x00000000d7080000,0x00000000d7100000)
  to   space 1024K, 0% used [0x00000000d6f00000,0x00000000d6f00000,0x00000000d7000000)
 ParOldGen       total 68608K, used 19595K [0x0000000080000000, 0x0000000084300000, 0x00000000d5580000)
  object space 68608K, 28% used [0x0000000080000000,0x0000000081322e80,0x0000000084300000)
 Metaspace       used 35012K, committed 36160K, reserved 1114112K
  class space    used 3585K, committed 4096K, reserved 1048576K
}
Event: 108.846 GC heap before
{Heap before GC invocations=17 (full 2):
 PSYoungGen      total 22528K, used 22016K [0x00000000d5580000, 0x00000000d7100000, 0x0000000100000000)
  eden space 22016K, 100% used [0x00000000d5580000,0x00000000d6b00000,0x00000000d6b00000)
  from space 512K, 0% used [0x00000000d7080000,0x00000000d7080000,0x00000000d7100000)
  to   space 1024K, 0% used [0x00000000d6f00000,0x00000000d6f00000,0x00000000d7000000)
 ParOldGen       total 68608K, used 19595K [0x0000000080000000, 0x0000000084300000, 0x00000000d5580000)
  object space 68608K, 28% used [0x0000000080000000,0x0000000081322e80,0x0000000084300000)
 Metaspace       used 37274K, committed 38464K, reserved 1114112K
  class space    used 3879K, committed 4416K, reserved 1048576K
}
Event: 108.849 GC heap after
{Heap after GC invocations=17 (full 2):
 PSYoungGen      total 23040K, used 1024K [0x00000000d5580000, 0x00000000d7100000, 0x0000000100000000)
  eden space 22016K, 0% used [0x00000000d5580000,0x00000000d5580000,0x00000000d6b00000)
  from space 1024K, 100% used [0x00000000d6f00000,0x00000000d7000000,0x00000000d7000000)
  to   space 1024K, 0% used [0x00000000d7000000,0x00000000d7000000,0x00000000d7100000)
 ParOldGen       total 68608K, used 20371K [0x0000000080000000, 0x0000000084300000, 0x00000000d5580000)
  object space 68608K, 29% used [0x0000000080000000,0x00000000813e4e80,0x0000000084300000)
 Metaspace       used 37274K, committed 38464K, reserved 1114112K
  class space    used 3879K, committed 4416K, reserved 1048576K
}
Event: 109.045 GC heap before
{Heap before GC invocations=18 (full 2):
 PSYoungGen      total 23040K, used 23040K [0x00000000d5580000, 0x00000000d7100000, 0x0000000100000000)
  eden space 22016K, 100% used [0x00000000d5580000,0x00000000d6b00000,0x00000000d6b00000)
  from space 1024K, 100% used [0x00000000d6f00000,0x00000000d7000000,0x00000000d7000000)
  to   space 1024K, 0% used [0x00000000d7000000,0x00000000d7000000,0x00000000d7100000)
 ParOldGen       total 68608K, used 20371K [0x0000000080000000, 0x0000000084300000, 0x00000000d5580000)
  object space 68608K, 29% used [0x0000000080000000,0x00000000813e4e80,0x0000000084300000)
 Metaspace       used 39879K, committed 41024K, reserved 1114112K
  class space    used 4224K, committed 4736K, reserved 1048576K
}
Event: 109.047 GC heap after
{Heap after GC invocations=18 (full 2):
 PSYoungGen      total 23040K, used 1005K [0x00000000d5580000, 0x00000000d7100000, 0x0000000100000000)
  eden space 22016K, 0% used [0x00000000d5580000,0x00000000d5580000,0x00000000d6b00000)
  from space 1024K, 98% used [0x00000000d7000000,0x00000000d70fb6a0,0x00000000d7100000)
  to   space 2560K, 0% used [0x00000000d6c00000,0x00000000d6c00000,0x00000000d6e80000)
 ParOldGen       total 68608K, used 21422K [0x0000000080000000, 0x0000000084300000, 0x00000000d5580000)
  object space 68608K, 31% used [0x0000000080000000,0x00000000814eba30,0x0000000084300000)
 Metaspace       used 39879K, committed 41024K, reserved 1114112K
  class space    used 4224K, committed 4736K, reserved 1048576K
}
Event: 109.268 GC heap before
{Heap before GC invocations=19 (full 2):
 PSYoungGen      total 23040K, used 23021K [0x00000000d5580000, 0x00000000d7100000, 0x0000000100000000)
  eden space 22016K, 100% used [0x00000000d5580000,0x00000000d6b00000,0x00000000d6b00000)
  from space 1024K, 98% used [0x00000000d7000000,0x00000000d70fb6a0,0x00000000d7100000)
  to   space 2560K, 0% used [0x00000000d6c00000,0x00000000d6c00000,0x00000000d6e80000)
 ParOldGen       total 68608K, used 21422K [0x0000000080000000, 0x0000000084300000, 0x00000000d5580000)
  object space 68608K, 31% used [0x0000000080000000,0x00000000814eba30,0x0000000084300000)
 Metaspace       used 42124K, committed 43392K, reserved 1114112K
  class space    used 4516K, committed 5056K, reserved 1048576K
}

