# JRE version: Java(TM) SE Runtime Environment (21.0.6+8) (build 21.0.6+8-LTS-188)
# Java VM: Java HotSpot(TM) 64-Bit Server VM (21.0.6+8-LTS-188, mixed mode, sharing, tiered, compressed oops, compressed class ptrs, g1 gc, windows-amd64)
GC Precious Log:
 CardTable entry size: 512
 Card Set container configuration: InlinePtr #cards 5 size 8 Array Of Cards #cards 12 size 40 Howl #buckets 4 coarsen threshold 1843 Howl Bitmap #cards 512 size 80 coarsen threshold 460 Card regions per heap region 1 cards per card region 2048
 CPUs: 12 total, 12 available
 Memory: 7876M
 Large Page Support: Disabled
 NUMA Support: Disabled
 Compressed Oops: Enabled (32-bit)
 Heap Region Size: 1M
 Heap Min Capacity: 8M
 Heap Initial Capacity: 124M
 Heap Max Capacity: 1970M
 Pre-touch: Disabled
 Parallel Workers: 10
 Concurrent Workers: 3
 Concurrent Refinement Workers: 10
 Periodic GC: Disabled
Heap:
 garbage-first heap   total 61440K, used 31296K [0x0000000084e00000, 0x0000000100000000)
  region size 1024K, 6 young (6144K), 4 survivors (4096K)
 Metaspace       used 70400K, committed 71104K, reserved 1114112K
  class space    used 9488K, committed 9792K, reserved 1048576K
GC Heap History (20 events):
Event: 3.791 GC heap before
{Heap before GC invocations=2 (full 0):
 garbage-first heap   total 126976K, used 42710K [0x0000000084e00000, 0x0000000100000000)
  region size 1024K, 36 young (36864K), 3 survivors (3072K)
 Metaspace       used 21162K, committed 21504K, reserved 1114112K
  class space    used 2639K, committed 2816K, reserved 1048576K
}
Event: 3.803 GC heap after
{Heap after GC invocations=3 (full 0):
 garbage-first heap   total 126976K, used 14246K [0x0000000084e00000, 0x0000000100000000)
  region size 1024K, 6 young (6144K), 6 survivors (6144K)
 Metaspace       used 21162K, committed 21504K, reserved 1114112K
  class space    used 2639K, committed 2816K, reserved 1048576K
}
Event: 4.758 GC heap before
{Heap before GC invocations=4 (full 0):
 garbage-first heap   total 51200K, used 38822K [0x0000000084e00000, 0x0000000100000000)
  region size 1024K, 30 young (30720K), 6 survivors (6144K)
 Metaspace       used 24186K, committed 24576K, reserved 1114112K
  class space    used 3048K, committed 3200K, reserved 1048576K
}
Event: 4.769 GC heap after
{Heap after GC invocations=5 (full 0):
 garbage-first heap   total 51200K, used 16181K [0x0000000084e00000, 0x0000000100000000)
  region size 1024K, 3 young (3072K), 3 survivors (3072K)
 Metaspace       used 24186K, committed 24576K, reserved 1114112K
  class space    used 3048K, committed 3200K, reserved 1048576K
}
Event: 5.661 GC heap before
{Heap before GC invocations=5 (full 0):
 garbage-first heap   total 51200K, used 37685K [0x0000000084e00000, 0x0000000100000000)
  region size 1024K, 25 young (25600K), 3 survivors (3072K)
 Metaspace       used 27966K, committed 28480K, reserved 1114112K
  class space    used 3539K, committed 3776K, reserved 1048576K
}
Event: 5.672 GC heap after
{Heap after GC invocations=6 (full 0):
 garbage-first heap   total 51200K, used 17810K [0x0000000084e00000, 0x0000000100000000)
  region size 1024K, 2 young (2048K), 2 survivors (2048K)
 Metaspace       used 27966K, committed 28480K, reserved 1114112K
  class space    used 3539K, committed 3776K, reserved 1048576K
}
Event: 7.292 GC heap before
{Heap before GC invocations=6 (full 0):
 garbage-first heap   total 51200K, used 40338K [0x0000000084e00000, 0x0000000100000000)
  region size 1024K, 24 young (24576K), 2 survivors (2048K)
 Metaspace       used 32670K, committed 33152K, reserved 1114112K
  class space    used 4182K, committed 4416K, reserved 1048576K
}
Event: 7.301 GC heap after
{Heap after GC invocations=7 (full 0):
 garbage-first heap   total 61440K, used 20264K [0x0000000084e00000, 0x0000000100000000)
  region size 1024K, 3 young (3072K), 3 survivors (3072K)
 Metaspace       used 32670K, committed 33152K, reserved 1114112K
  class space    used 4182K, committed 4416K, reserved 1048576K
}
Event: 7.895 GC heap before
{Heap before GC invocations=7 (full 0):
 garbage-first heap   total 61440K, used 33576K [0x0000000084e00000, 0x0000000100000000)
  region size 1024K, 18 young (18432K), 3 survivors (3072K)
 Metaspace       used 35379K, committed 35968K, reserved 1114112K
  class space    used 4493K, committed 4800K, reserved 1048576K
}
Event: 7.909 GC heap after
{Heap after GC invocations=8 (full 0):
 garbage-first heap   total 61440K, used 21718K [0x0000000084e00000, 0x0000000100000000)
  region size 1024K, 2 young (2048K), 2 survivors (2048K)
 Metaspace       used 35379K, committed 35968K, reserved 1114112K
  class space    used 4493K, committed 4800K, reserved 1048576K
}
Event: 9.618 GC heap before
{Heap before GC invocations=9 (full 0):
 garbage-first heap   total 61440K, used 51414K [0x0000000084e00000, 0x0000000100000000)
  region size 1024K, 31 young (31744K), 2 survivors (2048K)
 Metaspace       used 42266K, committed 42944K, reserved 1114112K
  class space    used 5751K, committed 6080K, reserved 1048576K
}
Event: 9.629 GC heap after
{Heap after GC invocations=10 (full 0):
 garbage-first heap   total 61440K, used 24073K [0x0000000084e00000, 0x0000000100000000)
  region size 1024K, 4 young (4096K), 4 survivors (4096K)
 Metaspace       used 42266K, committed 42944K, reserved 1114112K
  class space    used 5751K, committed 6080K, reserved 1048576K
}
Event: 10.947 GC heap before
{Heap before GC invocations=10 (full 0):
 garbage-first heap   total 61440K, used 52745K [0x0000000084e00000, 0x0000000100000000)
  region size 1024K, 32 young (32768K), 4 survivors (4096K)
 Metaspace       used 51355K, committed 51968K, reserved 1114112K
  class space    used 6794K, committed 7104K, reserved 1048576K
}
Event: 10.958 GC heap after
{Heap after GC invocations=11 (full 0):
 garbage-first heap   total 61440K, used 26759K [0x0000000084e00000, 0x0000000100000000)
  region size 1024K, 4 young (4096K), 4 survivors (4096K)
 Metaspace       used 51355K, committed 51968K, reserved 1114112K
  class space    used 6794K, committed 7104K, reserved 1048576K
}
Event: 11.426 GC heap before
{Heap before GC invocations=11 (full 0):
 garbage-first heap   total 61440K, used 51335K [0x0000000084e00000, 0x0000000100000000)
  region size 1024K, 29 young (29696K), 4 survivors (4096K)
 Metaspace       used 58532K, committed 59136K, reserved 1114112K
  class space    used 7591K, committed 7872K, reserved 1048576K
}
Event: 11.432 GC heap after
{Heap after GC invocations=12 (full 0):
 garbage-first heap   total 61440K, used 27731K [0x0000000084e00000, 0x0000000100000000)
  region size 1024K, 2 young (2048K), 2 survivors (2048K)
 Metaspace       used 58532K, committed 59136K, reserved 1114112K
  class space    used 7591K, committed 7872K, reserved 1048576K
}
Event: 11.488 GC heap before
{Heap before GC invocations=12 (full 0):
 garbage-first heap   total 61440K, used 28755K [0x0000000084e00000, 0x0000000100000000)
  region size 1024K, 4 young (4096K), 2 survivors (2048K)
 Metaspace       used 59492K, committed 60096K, reserved 1114112K
  class space    used 7887K, committed 8192K, reserved 1048576K
}
Event: 11.492 GC heap after
{Heap after GC invocations=13 (full 0):
 garbage-first heap   total 61440K, used 27601K [0x0000000084e00000, 0x0000000100000000)
  region size 1024K, 2 young (2048K), 2 survivors (2048K)
 Metaspace       used 59492K, committed 60096K, reserved 1114112K
  class space    used 7887K, committed 8192K, reserved 1048576K
}
Event: 12.059 GC heap before
{Heap before GC invocations=14 (full 0):
 garbage-first heap   total 61440K, used 53201K [0x0000000084e00000, 0x0000000100000000)
  region size 1024K, 28 young (28672K), 2 survivors (2048K)
 Metaspace       used 65663K, committed 66304K, reserved 1114112K
  class space    used 8868K, committed 9152K, reserved 1048576K
}
Event: 12.065 GC heap after
{Heap after GC invocations=15 (full 0):
 garbage-first heap   total 61440K, used 28934K [0x0000000084e00000, 0x0000000100000000)
  region size 1024K, 3 young (3072K), 3 survivors (3072K)
 Metaspace       used 65663K, committed 66304K, reserved 1114112K
  class space    used 8868K, committed 9152K, reserved 1048576K
}

